#
# There is insufficient memory for the Java Runtime Environment to continue.
# Native memory allocation (malloc) failed to allocate 1438416 bytes for Chunk::new
# Possible reasons:
#   The system is out of physical RAM or swap space
#   The process is running with CompressedOops enabled, and the Java Heap may be blocking the growth of the native heap
# Possible solutions:
#   Reduce memory load on the system
#   Increase physical memory or swap space
#   Check if swap backing store is full
#   Decrease Java heap size (-Xmx/-Xms)
#   Decrease number of Java threads
#   Decrease Java thread stack sizes (-Xss)
#   Set larger code cache with -XX:ReservedCodeCacheSize=
#   JVM is running with Unscaled Compressed Oops mode in which the Java heap is
#     placed in the first 4GB address space. The Java Heap base address is the
#     maximum limit for the native heap growth. Please use -XX:HeapBaseMinAddress
#     to set the Java Heap base and to place the Java Heap above 4GB virtual address.
# This output file may be truncated or incomplete.
#
#  Out of Memory Error (arena.cpp:166), pid=13516, tid=13324
#
# JRE version: Java(TM) SE Runtime Environment (21.0+35) (build 21+35-LTS-2513)
# Java VM: Java HotSpot(TM) 64-Bit Server VM (21+35-LTS-2513, mixed mode, sharing, tiered, compressed oops, compressed class ptrs, g1 gc, windows-amd64)
# No core dump will be written. Minidumps are not enabled by default on client versions of Windows
#

---------------  S U M M A R Y ------------

Command Line: -Dfile.encoding=UTF-8 -Dstdout.encoding=UTF-8 -Dstderr.encoding=UTF-8 -XX:+ShowCodeDetailsInExceptionMessages Corso.Games.GamesApplication

Host: Intel(R) Pentium(R) Silver N5000 CPU @ 1.10GHz, 4 cores, 3G,  Windows 11 , 64 bit Build 22621 (10.0.22621.2506)
Time: Fri Dec  1 15:22:16 2023 ora solare Europa occidentale elapsed time: 3.853852 seconds (0d 0h 0m 3s)

---------------  T H R E A D  ---------------

Current thread (0x000001673456dde0):  JavaThread "C2 CompilerThread0" daemon [_thread_in_native, id=13324, stack(0x0000003624c00000,0x0000003624d00000) (1024K)]


Current CompileTask:
C2:   3854 2624       4       java.lang.invoke.MethodType::makeImpl (109 bytes)

Stack: [0x0000003624c00000,0x0000003624d00000]
Native frames: (J=compiled Java code, j=interpreted, Vv=VM code, C=native code)
V  [jvm.dll+0x6c8d39]
V  [jvm.dll+0x854091]
V  [jvm.dll+0x85630e]
V  [jvm.dll+0x8569e3]
V  [jvm.dll+0x2809a6]
V  [jvm.dll+0xc3e6d]
V  [jvm.dll+0xc4383]
V  [jvm.dll+0x3b54e2]
V  [jvm.dll+0x382245]
V  [jvm.dll+0x3816ba]
V  [jvm.dll+0x249800]
V  [jvm.dll+0x248de1]
V  [jvm.dll+0x1c9b91]
V  [jvm.dll+0x2583e9]
V  [jvm.dll+0x2569ca]
V  [jvm.dll+0x3eef66]
V  [jvm.dll+0x7fd2c8]
V  [jvm.dll+0x6c748d]
C  [ucrtbase.dll+0x29363]
C  [KERNEL32.DLL+0x1257d]
C  [ntdll.dll+0x5aa58]


---------------  P R O C E S S  ---------------

Threads class SMR info:
_java_thread_list=0x000001677ac534f0, length=11, elements={
0x0000016719969770, 0x000001673454fef0, 0x0000016734550e10, 0x000001673455b3f0,
0x000001673455be50, 0x00000167345648c0, 0x0000016734568820, 0x000001673456dde0,
0x0000016734570890, 0x00000167347e08c0, 0x00000167347e7730
}

Java Threads: ( => current thread )
  0x0000016719969770 JavaThread "main"                              [_thread_in_Java, id=6208, stack(0x0000003623e00000,0x0000003623f00000) (1024K)]
  0x000001673454fef0 JavaThread "Reference Handler"          daemon [_thread_blocked, id=10508, stack(0x0000003624600000,0x0000003624700000) (1024K)]
  0x0000016734550e10 JavaThread "Finalizer"                  daemon [_thread_blocked, id=7844, stack(0x0000003624700000,0x0000003624800000) (1024K)]
  0x000001673455b3f0 JavaThread "Signal Dispatcher"          daemon [_thread_blocked, id=11600, stack(0x0000003624800000,0x0000003624900000) (1024K)]
  0x000001673455be50 JavaThread "Attach Listener"            daemon [_thread_blocked, id=10160, stack(0x0000003624900000,0x0000003624a00000) (1024K)]
  0x00000167345648c0 JavaThread "Service Thread"             daemon [_thread_blocked, id=14872, stack(0x0000003624a00000,0x0000003624b00000) (1024K)]
  0x0000016734568820 JavaThread "Monitor Deflation Thread"   daemon [_thread_blocked, id=3192, stack(0x0000003624b00000,0x0000003624c00000) (1024K)]
=>0x000001673456dde0 JavaThread "C2 CompilerThread0"         daemon [_thread_in_native, id=13324, stack(0x0000003624c00000,0x0000003624d00000) (1024K)]
  0x0000016734570890 JavaThread "C1 CompilerThread0"         daemon [_thread_blocked, id=13124, stack(0x0000003624d00000,0x0000003624e00000) (1024K)]
  0x00000167347e08c0 JavaThread "Notification Thread"        daemon [_thread_blocked, id=1848, stack(0x0000003624e00000,0x0000003624f00000) (1024K)]
  0x00000167347e7730 JavaThread "Common-Cleaner"             daemon [_thread_blocked, id=1752, stack(0x0000003624f00000,0x0000003625000000) (1024K)]
Total: 11

Other Threads:
  0x0000016719a27a70 VMThread "VM Thread"                           [id=13144, stack(0x0000003624500000,0x0000003624600000) (1024K)]
  0x000001673453aa00 WatcherThread "VM Periodic Task Thread"        [id=2792, stack(0x0000003624400000,0x0000003624500000) (1024K)]
  0x000001671999efc0 WorkerThread "GC Thread#0"                     [id=11528, stack(0x0000003623f00000,0x0000003624000000) (1024K)]
  0x000001677a0f2d80 WorkerThread "GC Thread#1"                     [id=12456, stack(0x0000003625000000,0x0000003625100000) (1024K)]
  0x000001677a4e4d90 WorkerThread "GC Thread#2"                     [id=2188, stack(0x0000003625100000,0x0000003625200000) (1024K)]
  0x000001677a2b9770 WorkerThread "GC Thread#3"                     [id=12928, stack(0x0000003625200000,0x0000003625300000) (1024K)]
  0x00000167199a8e90 ConcurrentGCThread "G1 Main Marker"            [id=9164, stack(0x0000003624000000,0x0000003624100000) (1024K)]
  0x00000167199a98a0 WorkerThread "G1 Conc#0"                       [id=13672, stack(0x0000003624100000,0x0000003624200000) (1024K)]
  0x00000167199fe010 ConcurrentGCThread "G1 Refine#0"               [id=10372, stack(0x0000003624200000,0x0000003624300000) (1024K)]
  0x00000167199fea90 ConcurrentGCThread "G1 Service"                [id=1376, stack(0x0000003624300000,0x0000003624400000) (1024K)]
Total: 10

Threads with active compile tasks:
C2 CompilerThread0     3923 2624       4       java.lang.invoke.MethodType::makeImpl (109 bytes)
Total: 1

VM state: not at safepoint (normal execution)

VM Mutex/Monitor currently owned by a thread: None

Heap address: 0x00000000c2c00000, size: 980 MB, Compressed Oops mode: 32-bit

CDS archive(s) mapped at: [0x0000016735000000-0x0000016735c90000-0x0000016735c90000), size 13172736, SharedBaseAddress: 0x0000016735000000, ArchiveRelocationMode: 1.
Compressed class space mapped at: 0x0000016736000000-0x0000016776000000, reserved size: 1073741824
Narrow klass base: 0x0000016735000000, Narrow klass shift: 0, Narrow klass range: 0x100000000

GC Precious Log:
 CardTable entry size: 512
 Card Set container configuration: InlinePtr #cards 5 size 8 Array Of Cards #cards 12 size 40 Howl #buckets 4 coarsen threshold 1843 Howl Bitmap #cards 512 size 80 coarsen threshold 460 Card regions per heap region 1 cards per card region 2048
 CPUs: 4 total, 4 available
 Memory: 3919M
 Large Page Support: Disabled
 NUMA Support: Disabled
 Compressed Oops: Enabled (32-bit)
 Heap Region Size: 1M
 Heap Min Capacity: 8M
 Heap Initial Capacity: 62M
 Heap Max Capacity: 980M
 Pre-touch: Disabled
 Parallel Workers: 4
 Concurrent Workers: 1
 Concurrent Refinement Workers: 4
 Periodic GC: Disabled

Heap:
 garbage-first heap   total 63488K, used 22454K [0x00000000c2c00000, 0x0000000100000000)
  region size 1024K, 20 young (20480K), 5 survivors (5120K)
 Metaspace       used 19084K, committed 19328K, reserved 1114112K
  class space    used 2315K, committed 2432K, reserved 1048576K

Heap Regions: E=young(eden), S=young(survivor), O=old, HS=humongous(starts), HC=humongous(continues), CS=collection set, F=free, TAMS=top-at-mark-start, PB=parsable bottom
|   0|0x00000000c2c00000, 0x00000000c2d00000, 0x00000000c2d00000|100%| O|  |TAMS 0x00000000c2c00000| PB 0x00000000c2c00000| Untracked 
|   1|0x00000000c2d00000, 0x00000000c2e00000, 0x00000000c2e00000|100%| O|  |TAMS 0x00000000c2d00000| PB 0x00000000c2d00000| Untracked 
|   2|0x00000000c2e00000, 0x00000000c2f00000, 0x00000000c2f00000|100%| O|  |TAMS 0x00000000c2e00000| PB 0x00000000c2e00000| Untracked 
|   3|0x00000000c2f00000, 0x00000000c2feda28, 0x00000000c3000000| 92%| O|  |TAMS 0x00000000c2f00000| PB 0x00000000c2f00000| Untracked 
|   4|0x00000000c3000000, 0x00000000c3000000, 0x00000000c3100000|  0%| F|  |TAMS 0x00000000c3000000| PB 0x00000000c3000000| Untracked 
|   5|0x00000000c3100000, 0x00000000c3100000, 0x00000000c3200000|  0%| F|  |TAMS 0x00000000c3100000| PB 0x00000000c3100000| Untracked 
|   6|0x00000000c3200000, 0x00000000c3200000, 0x00000000c3300000|  0%| F|  |TAMS 0x00000000c3200000| PB 0x00000000c3200000| Untracked 
|   7|0x00000000c3300000, 0x00000000c3300000, 0x00000000c3400000|  0%| F|  |TAMS 0x00000000c3300000| PB 0x00000000c3300000| Untracked 
|   8|0x00000000c3400000, 0x00000000c3400000, 0x00000000c3500000|  0%| F|  |TAMS 0x00000000c3400000| PB 0x00000000c3400000| Untracked 
|   9|0x00000000c3500000, 0x00000000c3500000, 0x00000000c3600000|  0%| F|  |TAMS 0x00000000c3500000| PB 0x00000000c3500000| Untracked 
|  10|0x00000000c3600000, 0x00000000c3600000, 0x00000000c3700000|  0%| F|  |TAMS 0x00000000c3600000| PB 0x00000000c3600000| Untracked 
|  11|0x00000000c3700000, 0x00000000c3700000, 0x00000000c3800000|  0%| F|  |TAMS 0x00000000c3700000| PB 0x00000000c3700000| Untracked 
|  12|0x00000000c3800000, 0x00000000c3800000, 0x00000000c3900000|  0%| F|  |TAMS 0x00000000c3800000| PB 0x00000000c3800000| Untracked 
|  13|0x00000000c3900000, 0x00000000c3900000, 0x00000000c3a00000|  0%| F|  |TAMS 0x00000000c3900000| PB 0x00000000c3900000| Untracked 
|  14|0x00000000c3a00000, 0x00000000c3a00000, 0x00000000c3b00000|  0%| F|  |TAMS 0x00000000c3a00000| PB 0x00000000c3a00000| Untracked 
|  15|0x00000000c3b00000, 0x00000000c3b00000, 0x00000000c3c00000|  0%| F|  |TAMS 0x00000000c3b00000| PB 0x00000000c3b00000| Untracked 
|  16|0x00000000c3c00000, 0x00000000c3c00000, 0x00000000c3d00000|  0%| F|  |TAMS 0x00000000c3c00000| PB 0x00000000c3c00000| Untracked 
|  17|0x00000000c3d00000, 0x00000000c3d00000, 0x00000000c3e00000|  0%| F|  |TAMS 0x00000000c3d00000| PB 0x00000000c3d00000| Untracked 
|  18|0x00000000c3e00000, 0x00000000c3e00000, 0x00000000c3f00000|  0%| F|  |TAMS 0x00000000c3e00000| PB 0x00000000c3e00000| Untracked 
|  19|0x00000000c3f00000, 0x00000000c3f00000, 0x00000000c4000000|  0%| F|  |TAMS 0x00000000c3f00000| PB 0x00000000c3f00000| Untracked 
|  20|0x00000000c4000000, 0x00000000c4100000, 0x00000000c4100000|100%| S|CS|TAMS 0x00000000c4000000| PB 0x00000000c4000000| Complete 
|  21|0x00000000c4100000, 0x00000000c4200000, 0x00000000c4200000|100%| S|CS|TAMS 0x00000000c4100000| PB 0x00000000c4100000| Complete 
|  22|0x00000000c4200000, 0x00000000c4300000, 0x00000000c4300000|100%| S|CS|TAMS 0x00000000c4200000| PB 0x00000000c4200000| Complete 
|  23|0x00000000c4300000, 0x00000000c4400000, 0x00000000c4400000|100%| S|CS|TAMS 0x00000000c4300000| PB 0x00000000c4300000| Complete 
|  24|0x00000000c4400000, 0x00000000c4500000, 0x00000000c4500000|100%| S|CS|TAMS 0x00000000c4400000| PB 0x00000000c4400000| Complete 
|  25|0x00000000c4500000, 0x00000000c4500000, 0x00000000c4600000|  0%| F|  |TAMS 0x00000000c4500000| PB 0x00000000c4500000| Untracked 
|  26|0x00000000c4600000, 0x00000000c4600000, 0x00000000c4700000|  0%| F|  |TAMS 0x00000000c4600000| PB 0x00000000c4600000| Untracked 
|  27|0x00000000c4700000, 0x00000000c4700000, 0x00000000c4800000|  0%| F|  |TAMS 0x00000000c4700000| PB 0x00000000c4700000| Untracked 
|  28|0x00000000c4800000, 0x00000000c4800000, 0x00000000c4900000|  0%| F|  |TAMS 0x00000000c4800000| PB 0x00000000c4800000| Untracked 
|  29|0x00000000c4900000, 0x00000000c4900000, 0x00000000c4a00000|  0%| F|  |TAMS 0x00000000c4900000| PB 0x00000000c4900000| Untracked 
|  30|0x00000000c4a00000, 0x00000000c4a00000, 0x00000000c4b00000|  0%| F|  |TAMS 0x00000000c4a00000| PB 0x00000000c4a00000| Untracked 
|  31|0x00000000c4b00000, 0x00000000c4b00000, 0x00000000c4c00000|  0%| F|  |TAMS 0x00000000c4b00000| PB 0x00000000c4b00000| Untracked 
|  32|0x00000000c4c00000, 0x00000000c4c00000, 0x00000000c4d00000|  0%| F|  |TAMS 0x00000000c4c00000| PB 0x00000000c4c00000| Untracked 
|  33|0x00000000c4d00000, 0x00000000c4d00000, 0x00000000c4e00000|  0%| F|  |TAMS 0x00000000c4d00000| PB 0x00000000c4d00000| Untracked 
|  34|0x00000000c4e00000, 0x00000000c4e00000, 0x00000000c4f00000|  0%| F|  |TAMS 0x00000000c4e00000| PB 0x00000000c4e00000| Untracked 
|  35|0x00000000c4f00000, 0x00000000c4f00000, 0x00000000c5000000|  0%| F|  |TAMS 0x00000000c4f00000| PB 0x00000000c4f00000| Untracked 
|  36|0x00000000c5000000, 0x00000000c5000000, 0x00000000c5100000|  0%| F|  |TAMS 0x00000000c5000000| PB 0x00000000c5000000| Untracked 
|  37|0x00000000c5100000, 0x00000000c5100000, 0x00000000c5200000|  0%| F|  |TAMS 0x00000000c5100000| PB 0x00000000c5100000| Untracked 
|  38|0x00000000c5200000, 0x00000000c5200000, 0x00000000c5300000|  0%| F|  |TAMS 0x00000000c5200000| PB 0x00000000c5200000| Untracked 
|  39|0x00000000c5300000, 0x00000000c5300000, 0x00000000c5400000|  0%| F|  |TAMS 0x00000000c5300000| PB 0x00000000c5300000| Untracked 
|  40|0x00000000c5400000, 0x00000000c5400000, 0x00000000c5500000|  0%| F|  |TAMS 0x00000000c5400000| PB 0x00000000c5400000| Untracked 
|  41|0x00000000c5500000, 0x00000000c5500000, 0x00000000c5600000|  0%| F|  |TAMS 0x00000000c5500000| PB 0x00000000c5500000| Untracked 
|  42|0x00000000c5600000, 0x00000000c5600000, 0x00000000c5700000|  0%| F|  |TAMS 0x00000000c5600000| PB 0x00000000c5600000| Untracked 
|  43|0x00000000c5700000, 0x00000000c5700000, 0x00000000c5800000|  0%| F|  |TAMS 0x00000000c5700000| PB 0x00000000c5700000| Untracked 
|  44|0x00000000c5800000, 0x00000000c5800000, 0x00000000c5900000|  0%| F|  |TAMS 0x00000000c5800000| PB 0x00000000c5800000| Untracked 
|  45|0x00000000c5900000, 0x00000000c5900000, 0x00000000c5a00000|  0%| F|  |TAMS 0x00000000c5900000| PB 0x00000000c5900000| Untracked 
|  46|0x00000000c5a00000, 0x00000000c5a00000, 0x00000000c5b00000|  0%| F|  |TAMS 0x00000000c5a00000| PB 0x00000000c5a00000| Untracked 
|  47|0x00000000c5b00000, 0x00000000c5bfeeb0, 0x00000000c5c00000| 99%| E|  |TAMS 0x00000000c5b00000| PB 0x00000000c5b00000| Complete 
|  48|0x00000000c5c00000, 0x00000000c5d00000, 0x00000000c5d00000|100%| E|CS|TAMS 0x00000000c5c00000| PB 0x00000000c5c00000| Complete 
|  49|0x00000000c5d00000, 0x00000000c5e00000, 0x00000000c5e00000|100%| E|CS|TAMS 0x00000000c5d00000| PB 0x00000000c5d00000| Complete 
|  50|0x00000000c5e00000, 0x00000000c5f00000, 0x00000000c5f00000|100%| E|CS|TAMS 0x00000000c5e00000| PB 0x00000000c5e00000| Complete 
|  51|0x00000000c5f00000, 0x00000000c6000000, 0x00000000c6000000|100%| E|CS|TAMS 0x00000000c5f00000| PB 0x00000000c5f00000| Complete 
|  52|0x00000000c6000000, 0x00000000c6100000, 0x00000000c6100000|100%| E|CS|TAMS 0x00000000c6000000| PB 0x00000000c6000000| Complete 
|  53|0x00000000c6100000, 0x00000000c6200000, 0x00000000c6200000|100%| E|CS|TAMS 0x00000000c6100000| PB 0x00000000c6100000| Complete 
|  54|0x00000000c6200000, 0x00000000c6300000, 0x00000000c6300000|100%| E|CS|TAMS 0x00000000c6200000| PB 0x00000000c6200000| Complete 
|  55|0x00000000c6300000, 0x00000000c6400000, 0x00000000c6400000|100%| E|  |TAMS 0x00000000c6300000| PB 0x00000000c6300000| Complete 
|  56|0x00000000c6400000, 0x00000000c6500000, 0x00000000c6500000|100%| E|CS|TAMS 0x00000000c6400000| PB 0x00000000c6400000| Complete 
|  57|0x00000000c6500000, 0x00000000c6600000, 0x00000000c6600000|100%| E|CS|TAMS 0x00000000c6500000| PB 0x00000000c6500000| Complete 
|  58|0x00000000c6600000, 0x00000000c6700000, 0x00000000c6700000|100%| E|CS|TAMS 0x00000000c6600000| PB 0x00000000c6600000| Complete 
|  59|0x00000000c6700000, 0x00000000c6800000, 0x00000000c6800000|100%| E|CS|TAMS 0x00000000c6700000| PB 0x00000000c6700000| Complete 
|  60|0x00000000c6800000, 0x00000000c6900000, 0x00000000c6900000|100%| E|CS|TAMS 0x00000000c6800000| PB 0x00000000c6800000| Complete 
|  61|0x00000000c6900000, 0x00000000c6a00000, 0x00000000c6a00000|100%| E|CS|TAMS 0x00000000c6900000| PB 0x00000000c6900000| Complete 

Card table byte_map: [0x0000016730fb0000,0x00000167311a0000] _byte_map_base: 0x000001673099a000

Marking Bits: (CMBitMap*) 0x000001671999f5d0
 Bits: [0x00000167311a0000, 0x00000167320f0000)

Polling page: 0x0000016717780000

Metaspace:

Usage:
  Non-class:     16.40 MB used.
      Class:      2.27 MB used.
       Both:     18.67 MB used.

Virtual space:
  Non-class space:       64.00 MB reserved,      16.56 MB ( 26%) committed,  1 nodes.
      Class space:        1.00 GB reserved,       2.38 MB ( <1%) committed,  1 nodes.
             Both:        1.06 GB reserved,      18.94 MB (  2%) committed. 

Chunk freelists:
   Non-Class:  15.45 MB
       Class:  13.64 MB
        Both:  29.08 MB

MaxMetaspaceSize: unlimited
CompressedClassSpaceSize: 1.00 GB
Initial GC threshold: 21.00 MB
Current GC threshold: 21.00 MB
CDS: on
 - commit_granule_bytes: 65536.
 - commit_granule_words: 8192.
 - virtual_space_node_default_size: 8388608.
 - enlarge_chunks_in_place: 1.
 - use_allocation_guard: 0.


Internal statistics:

num_allocs_failed_limit: 0.
num_arena_births: 282.
num_arena_deaths: 0.
num_vsnodes_births: 2.
num_vsnodes_deaths: 0.
num_space_committed: 303.
num_space_uncommitted: 0.
num_chunks_returned_to_freelist: 0.
num_chunks_taken_from_freelist: 943.
num_chunk_merges: 0.
num_chunk_splits: 640.
num_chunks_enlarged: 454.
num_inconsistent_stats: 0.

CodeHeap 'non-profiled nmethods': size=120000Kb used=972Kb max_used=972Kb free=119027Kb
 bounds [0x0000016729890000, 0x0000016729b00000, 0x0000016730dc0000]
CodeHeap 'profiled nmethods': size=120000Kb used=5764Kb max_used=5764Kb free=114235Kb
 bounds [0x0000016721dc0000, 0x0000016722370000, 0x00000167292f0000]
CodeHeap 'non-nmethods': size=5760Kb used=1429Kb max_used=1448Kb free=4331Kb
 bounds [0x00000167292f0000, 0x0000016729560000, 0x0000016729890000]
 total_blobs=3334 nmethods=2822 adapters=416
 compilation: enabled
              stopped_count=0, restarted_count=0
 full_count=0

Compilation events (20 events):
Event: 3.826 Thread 0x0000016734570890 2790       3       java.util.HashSet::size (8 bytes)
Event: 3.827 Thread 0x0000016734570890 nmethod 2790 0x0000016722334210 code [0x00000167223343a0, 0x0000016722334550]
Event: 3.827 Thread 0x0000016734570890 2791   !   3       org.springframework.beans.BeanUtils::instantiateClass (83 bytes)
Event: 3.828 Thread 0x0000016734570890 nmethod 2791 0x0000016722334610 code [0x00000167223348a0, 0x00000167223352a8]
Event: 3.828 Thread 0x0000016734570890 2792       3       sun.reflect.annotation.AnnotationParser::parseClassArray (19 bytes)
Event: 3.829 Thread 0x0000016734570890 nmethod 2792 0x0000016722335690 code [0x00000167223358a0, 0x00000167223360a0]
Event: 3.830 Thread 0x0000016734570890 2793       3       org.springframework.core.annotation.OrderUtils::getOrderFromAnnotations (72 bytes)
Event: 3.831 Thread 0x0000016734570890 nmethod 2793 0x0000016722336390 code [0x00000167223365c0, 0x0000016722336cc0]
Event: 3.836 Thread 0x0000016734570890 2794   !   3       java.lang.Class::getTypeName (46 bytes)
Event: 3.839 Thread 0x0000016734570890 nmethod 2794 0x0000016722336e10 code [0x0000016722337220, 0x0000016722338c08]
Event: 3.839 Thread 0x0000016734570890 2796       3       java.util.stream.Nodes$SpinedNodeBuilder::accept (29 bytes)
Event: 3.840 Thread 0x0000016734570890 nmethod 2796 0x0000016722339810 code [0x00000167223399c0, 0x0000016722339b18]
Event: 3.840 Thread 0x0000016734570890 2795       3       org.springframework.core.annotation.TypeMappedAnnotation::getMetaTypes (8 bytes)
Event: 3.840 Thread 0x0000016734570890 nmethod 2795 0x0000016722339b90 code [0x0000016722339d20, 0x0000016722339e50]
Event: 3.840 Thread 0x0000016734570890 2797       3       java.util.Collections$UnmodifiableMap::forEach (11 bytes)
Event: 3.840 Thread 0x0000016734570890 nmethod 2797 0x0000016722339f10 code [0x000001672233a0c0, 0x000001672233a298]
Event: 3.840 Thread 0x0000016734570890 2798       1       java.util.Collections$SingletonSet::size (2 bytes)
Event: 3.840 Thread 0x0000016734570890 nmethod 2798 0x0000016729981990 code [0x0000016729981b20, 0x0000016729981be8]
Event: 3.847 Thread 0x0000016734570890 2799       3       org.springframework.boot.autoconfigure.condition.ConditionOutcome::<init> (21 bytes)
Event: 3.847 Thread 0x0000016734570890 nmethod 2799 0x000001672233a390 code [0x000001672233a560, 0x000001672233a8a0]

GC Heap History (6 events):
Event: 1.371 GC heap before
{Heap before GC invocations=0 (full 0):
 garbage-first heap   total 63488K, used 13312K [0x00000000c2c00000, 0x0000000100000000)
  region size 1024K, 13 young (13312K), 0 survivors (0K)
 Metaspace       used 4216K, committed 4480K, reserved 1114112K
  class space    used 466K, committed 576K, reserved 1048576K
}
Event: 1.381 GC heap after
{Heap after GC invocations=1 (full 0):
 garbage-first heap   total 63488K, used 3760K [0x00000000c2c00000, 0x0000000100000000)
  region size 1024K, 2 young (2048K), 2 survivors (2048K)
 Metaspace       used 4216K, committed 4480K, reserved 1114112K
  class space    used 466K, committed 576K, reserved 1048576K
}
Event: 2.158 GC heap before
{Heap before GC invocations=1 (full 0):
 garbage-first heap   total 63488K, used 20144K [0x00000000c2c00000, 0x0000000100000000)
  region size 1024K, 18 young (18432K), 2 survivors (2048K)
 Metaspace       used 8723K, committed 8960K, reserved 1114112K
  class space    used 1057K, committed 1152K, reserved 1048576K
}
Event: 2.164 GC heap after
{Heap after GC invocations=2 (full 0):
 garbage-first heap   total 63488K, used 5327K [0x00000000c2c00000, 0x0000000100000000)
  region size 1024K, 2 young (2048K), 2 survivors (2048K)
 Metaspace       used 8723K, committed 8960K, reserved 1114112K
  class space    used 1057K, committed 1152K, reserved 1048576K
}
Event: 3.177 GC heap before
{Heap before GC invocations=2 (full 0):
 garbage-first heap   total 63488K, used 40143K [0x00000000c2c00000, 0x0000000100000000)
  region size 1024K, 37 young (37888K), 2 survivors (2048K)
 Metaspace       used 16863K, committed 17152K, reserved 1114112K
  class space    used 2045K, committed 2176K, reserved 1048576K
}
Event: 3.188 GC heap after
{Heap after GC invocations=3 (full 0):
 garbage-first heap   total 63488K, used 9142K [0x00000000c2c00000, 0x0000000100000000)
  region size 1024K, 5 young (5120K), 5 survivors (5120K)
 Metaspace       used 16863K, committed 17152K, reserved 1114112K
  class space    used 2045K, committed 2176K, reserved 1048576K
}

Dll operation events (7 events):
Event: 0.022 Loaded shared library C:\Program Files\Java\jdk-21\bin\java.dll
Event: 0.092 Loaded shared library C:\Program Files\Java\jdk-21\bin\jsvml.dll
Event: 0.196 Loaded shared library C:\Program Files\Java\jdk-21\bin\net.dll
Event: 0.201 Loaded shared library C:\Program Files\Java\jdk-21\bin\nio.dll
Event: 0.207 Loaded shared library C:\Program Files\Java\jdk-21\bin\zip.dll
Event: 0.537 Loaded shared library C:\Program Files\Java\jdk-21\bin\jimage.dll
Event: 2.770 Loaded shared library C:\Program Files\Java\jdk-21\bin\sunmscapi.dll

Deoptimization events (20 events):
Event: 3.329 Thread 0x0000016719969770 Uncommon trap: trap_request=0xffffffde fr.pc=0x00000167298ca738 relative=0x0000000000000198
Event: 3.329 Thread 0x0000016719969770 Uncommon trap: reason=class_check action=maybe_recompile pc=0x00000167298ca738 method=java.lang.String.equals(Ljava/lang/Object;)Z @ 8 c2
Event: 3.329 Thread 0x0000016719969770 DEOPT PACKING pc=0x00000167298ca738 sp=0x0000003623efe7e0
Event: 3.329 Thread 0x0000016719969770 DEOPT UNPACKING pc=0x000001672934469c sp=0x0000003623efe768 mode 2
Event: 3.329 Thread 0x0000016719969770 Uncommon trap: trap_request=0xffffffde fr.pc=0x00000167298ca738 relative=0x0000000000000198
Event: 3.329 Thread 0x0000016719969770 Uncommon trap: reason=class_check action=maybe_recompile pc=0x00000167298ca738 method=java.lang.String.equals(Ljava/lang/Object;)Z @ 8 c2
Event: 3.329 Thread 0x0000016719969770 DEOPT PACKING pc=0x00000167298ca738 sp=0x0000003623efe7e0
Event: 3.329 Thread 0x0000016719969770 DEOPT UNPACKING pc=0x000001672934469c sp=0x0000003623efe768 mode 2
Event: 3.331 Thread 0x0000016719969770 Uncommon trap: trap_request=0xffffffde fr.pc=0x00000167298ca738 relative=0x0000000000000198
Event: 3.331 Thread 0x0000016719969770 Uncommon trap: reason=class_check action=maybe_recompile pc=0x00000167298ca738 method=java.lang.String.equals(Ljava/lang/Object;)Z @ 8 c2
Event: 3.331 Thread 0x0000016719969770 DEOPT PACKING pc=0x00000167298ca738 sp=0x0000003623efe4a0
Event: 3.331 Thread 0x0000016719969770 DEOPT UNPACKING pc=0x000001672934469c sp=0x0000003623efe428 mode 2
Event: 3.707 Thread 0x0000016719969770 Uncommon trap: trap_request=0xffffffde fr.pc=0x000001672995e024 relative=0x0000000000000884
Event: 3.707 Thread 0x0000016719969770 Uncommon trap: reason=class_check action=maybe_recompile pc=0x000001672995e024 method=java.util.HashMap.putVal(ILjava/lang/Object;Ljava/lang/Object;ZZ)Ljava/lang/Object; @ 203 c2
Event: 3.707 Thread 0x0000016719969770 DEOPT PACKING pc=0x000001672995e024 sp=0x0000003623efda00
Event: 3.707 Thread 0x0000016719969770 DEOPT UNPACKING pc=0x000001672934469c sp=0x0000003623efd910 mode 2
Event: 3.760 Thread 0x0000016719969770 Uncommon trap: trap_request=0xffffffde fr.pc=0x000001672995e024 relative=0x0000000000000884
Event: 3.760 Thread 0x0000016719969770 Uncommon trap: reason=class_check action=maybe_recompile pc=0x000001672995e024 method=java.util.HashMap.putVal(ILjava/lang/Object;Ljava/lang/Object;ZZ)Ljava/lang/Object; @ 203 c2
Event: 3.760 Thread 0x0000016719969770 DEOPT PACKING pc=0x000001672995e024 sp=0x0000003623efda00
Event: 3.760 Thread 0x0000016719969770 DEOPT UNPACKING pc=0x000001672934469c sp=0x0000003623efd910 mode 2

Classes loaded (20 events):
Event: 2.797 Loading class com/sun/crypto/provider/SunJCE
Event: 2.798 Loading class com/sun/crypto/provider/SunJCE done
Event: 2.808 Loading class com/sun/security/sasl/Provider
Event: 2.809 Loading class com/sun/security/sasl/Provider done
Event: 2.810 Loading class com/sun/security/sasl/Provider$1
Event: 2.810 Loading class com/sun/security/sasl/Provider$1 done
Event: 2.810 Loading class com/sun/security/sasl/Provider$ProviderService
Event: 2.810 Loading class com/sun/security/sasl/Provider$ProviderService done
Event: 2.811 Loading class sun/security/provider/certpath/ldap/JdkLDAP
Event: 2.811 Loading class sun/security/provider/certpath/ldap/JdkLDAP done
Event: 2.812 Loading class sun/security/provider/certpath/ldap/JdkLDAP$ProviderService
Event: 2.812 Loading class sun/security/provider/certpath/ldap/JdkLDAP$ProviderService done
Event: 2.812 Loading class java/util/AbstractList$Itr
Event: 2.813 Loading class java/util/AbstractList$Itr done
Event: 2.845 Loading class java/lang/Thread$ThreadNumbering
Event: 2.845 Loading class java/lang/Thread$ThreadNumbering done
Event: 2.861 Loading class javax/naming/ldap/LdapContext
Event: 2.861 Loading class javax/naming/directory/DirContext
Event: 2.862 Loading class javax/naming/directory/DirContext done
Event: 2.862 Loading class javax/naming/ldap/LdapContext done

Classes unloaded (0 events):
No events

Classes redefined (0 events):
No events

Internal exceptions (20 events):
Event: 1.974 Thread 0x0000016719969770 Exception <a 'java/lang/NoSuchMethodError'{0x00000000c60f0188}: 'java.lang.Object java.lang.invoke.DirectMethodHandle$Holder.invokeStaticInit(java.lang.Object, long, java.lang.Object)'> (0x00000000c60f0188) 
thrown [s\open\src\hotspot\share\interpreter\linkResolver.cpp, line 773]
Event: 1.975 Thread 0x0000016719969770 Exception <a 'java/lang/NoSuchMethodError'{0x00000000c60f5968}: 'java.lang.Object java.lang.invoke.DirectMethodHandle$Holder.newInvokeSpecial(java.lang.Object, long)'> (0x00000000c60f5968) 
thrown [s\open\src\hotspot\share\interpreter\linkResolver.cpp, line 773]
Event: 1.998 Thread 0x0000016719969770 Exception <a 'java/lang/NoSuchMethodError'{0x00000000c5f3d3e8}: 'void java.lang.invoke.DirectMethodHandle$Holder.invokeSpecial(java.lang.Object, java.lang.Object, java.lang.Object, java.lang.Object, java.lang.Object)'> (0x00000000c5f3d3e8) 
thrown [s\open\src\hotspot\share\interpreter\linkResolver.cpp, line 773]
Event: 1.999 Thread 0x0000016719969770 Exception <a 'java/lang/NoSuchMethodError'{0x00000000c5f44bc8}: 'void java.lang.invoke.DirectMethodHandle$Holder.invokeVirtual(java.lang.Object, java.lang.Object, java.lang.Object, java.lang.Object)'> (0x00000000c5f44bc8) 
thrown [s\open\src\hotspot\share\interpreter\linkResolver.cpp, line 773]
Event: 2.060 Thread 0x0000016719969770 Exception <a 'java/lang/NoSuchMethodError'{0x00000000c5e74d28}: 'void java.lang.invoke.DirectMethodHandle$Holder.invokeSpecial(java.lang.Object, java.lang.Object, java.lang.Object)'> (0x00000000c5e74d28) 
thrown [s\open\src\hotspot\share\interpreter\linkResolver.cpp, line 773]
Event: 2.071 Thread 0x0000016719969770 Exception <a 'java/lang/IncompatibleClassChangeError'{0x00000000c5e9f6e0}: Found class java.lang.Object, but interface was expected> (0x00000000c5e9f6e0) 
thrown [s\open\src\hotspot\share\interpreter\linkResolver.cpp, line 840]
Event: 2.072 Thread 0x000001677a6d3030 Exception <a 'java/lang/NoClassDefFoundError'{0x00000000c5eb9860}: jakarta/validation/Validation> (0x00000000c5eb9860) 
thrown [s\open\src\hotspot\share\classfile\systemDictionary.cpp, line 301]
Event: 2.079 Thread 0x0000016719969770 Exception <a 'java/lang/NoSuchMethodError'{0x00000000c5ed04d0}: 'java.lang.Object java.lang.invoke.DirectMethodHandle$Holder.invokeStaticInit(java.lang.Object, int)'> (0x00000000c5ed04d0) 
thrown [s\open\src\hotspot\share\interpreter\linkResolver.cpp, line 773]
Event: 2.084 Thread 0x0000016719969770 Exception <a 'java/lang/NoSuchMethodError'{0x00000000c5eda668}: 'java.lang.Object java.lang.invoke.DirectMethodHandle$Holder.invokeStatic(java.lang.Object, int, java.lang.Object)'> (0x00000000c5eda668) 
thrown [s\open\src\hotspot\share\interpreter\linkResolver.cpp, line 773]
Event: 2.085 Thread 0x0000016719969770 Exception <a 'java/lang/NoSuchMethodError'{0x00000000c5eddcb8}: 'java.lang.Object java.lang.invoke.DirectMethodHandle$Holder.invokeStaticInit(java.lang.Object, int, java.lang.Object)'> (0x00000000c5eddcb8) 
thrown [s\open\src\hotspot\share\interpreter\linkResolver.cpp, line 773]
Event: 2.571 Thread 0x000001677a6d3030 Exception <a 'java/lang/NoSuchMethodError'{0x00000000c537e920}: 'long java.lang.invoke.DirectMethodHandle$Holder.invokeSpecial(java.lang.Object, java.lang.Object)'> (0x00000000c537e920) 
thrown [s\open\src\hotspot\share\interpreter\linkResolver.cpp, line 773]
Event: 2.573 Thread 0x000001677a6d3030 Exception <a 'java/lang/NoSuchMethodError'{0x00000000c53884b0}: 'long java.lang.invoke.DirectMethodHandle$Holder.invokeStatic(java.lang.Object, java.lang.Object)'> (0x00000000c53884b0) 
thrown [s\open\src\hotspot\share\interpreter\linkResolver.cpp, line 773]
Event: 2.574 Thread 0x000001677a6d3030 Exception <a 'java/lang/NoSuchMethodError'{0x00000000c538b818}: 'long java.lang.invoke.DirectMethodHandle$Holder.invokeStaticInit(java.lang.Object, java.lang.Object)'> (0x00000000c538b818) 
thrown [s\open\src\hotspot\share\interpreter\linkResolver.cpp, line 773]
Event: 2.577 Thread 0x000001677a6d3030 Exception <a 'java/lang/NoSuchMethodError'{0x00000000c5397bf0}: 'long java.lang.invoke.DirectMethodHandle$Holder.invokeInterface(java.lang.Object, java.lang.Object)'> (0x00000000c5397bf0) 
thrown [s\open\src\hotspot\share\interpreter\linkResolver.cpp, line 773]
Event: 2.577 Thread 0x000001677a6d3030 Exception <a 'java/lang/IncompatibleClassChangeError'{0x00000000c539aea0}: Found class java.lang.Object, but interface was expected> (0x00000000c539aea0) 
thrown [s\open\src\hotspot\share\interpreter\linkResolver.cpp, line 840]
Event: 2.584 Thread 0x0000016719969770 Exception <a 'java/lang/NoSuchMethodError'{0x00000000c535b518}: 'java.lang.Object java.lang.invoke.DirectMethodHandle$Holder.invokeVirtual(java.lang.Object, java.lang.Object, java.lang.Object)'> (0x00000000c535b518) 
thrown [s\open\src\hotspot\share\interpreter\linkResolver.cpp, line 773]
Event: 2.594 Thread 0x0000016719969770 Exception <a 'java/lang/NoSuchMethodError'{0x00000000c5201058}: 'int java.lang.invoke.DirectMethodHandle$Holder.invokeSpecial(java.lang.Object, java.lang.Object, java.lang.Object, java.lang.Object, java.lang.Object)'> (0x00000000c5201058) 
thrown [s\open\src\hotspot\share\interpreter\linkResolver.cpp, line 773]
Event: 2.597 Thread 0x000001677a6d3030 Exception <a 'java/lang/NoSuchMethodError'{0x00000000c5253138}: 'java.lang.Object java.lang.invoke.DirectMethodHandle$Holder.invokeVirtual(java.lang.Object, java.lang.Object, java.lang.Object, java.lang.Object)'> (0x00000000c5253138) 
thrown [s\open\src\hotspot\share\interpreter\linkResolver.cpp, line 773]
Event: 2.599 Thread 0x0000016719969770 Exception <a 'java/lang/NoSuchMethodError'{0x00000000c5209260}: 'void java.lang.invoke.DirectMethodHandle$Holder.invokeVirtual(java.lang.Object, java.lang.Object)'> (0x00000000c5209260) 
thrown [s\open\src\hotspot\share\interpreter\linkResolver.cpp, line 773]
Event: 2.925 Thread 0x0000016719969770 Exception <a 'java/lang/IncompatibleClassChangeError'{0x00000000c4ac0638}: Found class java.lang.Object, but interface was expected> (0x00000000c4ac0638) 
thrown [s\open\src\hotspot\share\interpreter\linkResolver.cpp, line 840]

ZGC Phase Switch (0 events):
No events

VM Operations (20 events):
Event: 2.055 Executing VM operation: HandshakeAllThreads (Deoptimize)
Event: 2.055 Executing VM operation: HandshakeAllThreads (Deoptimize) done
Event: 2.131 Executing VM operation: ICBufferFull
Event: 2.131 Executing VM operation: ICBufferFull done
Event: 2.158 Executing VM operation: G1CollectForAllocation (G1 Evacuation Pause)
Event: 2.164 Executing VM operation: G1CollectForAllocation (G1 Evacuation Pause) done
Event: 2.326 Executing VM operation: HandshakeAllThreads (Deoptimize)
Event: 2.326 Executing VM operation: HandshakeAllThreads (Deoptimize) done
Event: 2.556 Executing VM operation: HandshakeAllThreads (Deoptimize)
Event: 2.556 Executing VM operation: HandshakeAllThreads (Deoptimize) done
Event: 2.691 Executing VM operation: HandshakeAllThreads (Deoptimize)
Event: 2.691 Executing VM operation: HandshakeAllThreads (Deoptimize) done
Event: 2.781 Executing VM operation: HandshakeAllThreads (Deoptimize)
Event: 2.781 Executing VM operation: HandshakeAllThreads (Deoptimize) done
Event: 2.798 Executing VM operation: ICBufferFull
Event: 2.798 Executing VM operation: ICBufferFull done
Event: 3.177 Executing VM operation: G1CollectForAllocation (G1 Evacuation Pause)
Event: 3.188 Executing VM operation: G1CollectForAllocation (G1 Evacuation Pause) done
Event: 3.458 Executing VM operation: ICBufferFull
Event: 3.459 Executing VM operation: ICBufferFull done

Events (15 events):
Event: 0.056 Thread 0x0000016719969770 Thread added: 0x0000016719969770
Event: 0.088 Thread 0x000001673454fef0 Thread added: 0x000001673454fef0
Event: 0.088 Thread 0x0000016734550e10 Thread added: 0x0000016734550e10
Event: 0.089 Thread 0x000001673455b3f0 Thread added: 0x000001673455b3f0
Event: 0.089 Thread 0x000001673455be50 Thread added: 0x000001673455be50
Event: 0.089 Thread 0x00000167345648c0 Thread added: 0x00000167345648c0
Event: 0.089 Thread 0x0000016734568820 Thread added: 0x0000016734568820
Event: 0.089 Thread 0x000001673456dde0 Thread added: 0x000001673456dde0
Event: 0.090 Thread 0x0000016734570890 Thread added: 0x0000016734570890
Event: 0.179 Thread 0x00000167347e08c0 Thread added: 0x00000167347e08c0
Event: 0.186 Thread 0x00000167347e7730 Thread added: 0x00000167347e7730
Event: 2.067 Thread 0x000001677a6d3030 Thread added: 0x000001677a6d3030
Event: 2.817 Thread 0x000001677a6d3030 Thread exited: 0x000001677a6d3030
Event: 2.846 Thread 0x000001677a6d3030 Thread added: 0x000001677a6d3030
Event: 2.874 Thread 0x000001677a6d3030 Thread exited: 0x000001677a6d3030


Dynamic libraries:
0x00007ff63fba0000 - 0x00007ff63fbb0000 	C:\Program Files\Java\jdk-21\bin\javaw.exe
0x00007ffbcc0d0000 - 0x00007ffbcc2e7000 	C:\WINDOWS\SYSTEM32\ntdll.dll
0x00007ffbcb080000 - 0x00007ffbcb144000 	C:\WINDOWS\System32\KERNEL32.DLL
0x00007ffbc9650000 - 0x00007ffbc99f5000 	C:\WINDOWS\System32\KERNELBASE.dll
0x00007ffbc9a00000 - 0x00007ffbc9b11000 	C:\WINDOWS\System32\ucrtbase.dll
0x00007ffbc2b60000 - 0x00007ffbc2b79000 	C:\Program Files\Java\jdk-21\bin\jli.dll
0x00007ffbcb9f0000 - 0x00007ffbcbaa1000 	C:\WINDOWS\System32\ADVAPI32.dll
0x00007ffbb8c80000 - 0x00007ffbb8c9b000 	C:\Program Files\Java\jdk-21\bin\VCRUNTIME140.dll
0x00007ffbca030000 - 0x00007ffbca0d7000 	C:\WINDOWS\System32\msvcrt.dll
0x00007ffbcb6c0000 - 0x00007ffbcb766000 	C:\WINDOWS\System32\sechost.dll
0x00007ffbcb8d0000 - 0x00007ffbcb9e7000 	C:\WINDOWS\System32\RPCRT4.dll
0x00007ffbcad30000 - 0x00007ffbcaede000 	C:\WINDOWS\System32\USER32.dll
0x00007ffbc94e0000 - 0x00007ffbc9506000 	C:\WINDOWS\System32\win32u.dll
0x00007ffbc9f80000 - 0x00007ffbc9fa9000 	C:\WINDOWS\System32\GDI32.dll
0x00007ffbb9d50000 - 0x00007ffbb9fe3000 	C:\WINDOWS\WinSxS\amd64_microsoft.windows.common-controls_6595b64144ccf1df_6.0.22621.2506_none_270c5ae97388e100\COMCTL32.dll
0x00007ffbc9d00000 - 0x00007ffbc9e19000 	C:\WINDOWS\System32\gdi32full.dll
0x00007ffbc9440000 - 0x00007ffbc94da000 	C:\WINDOWS\System32\msvcp_win.dll
0x00007ffbc1dc0000 - 0x00007ffbc1dca000 	C:\WINDOWS\SYSTEM32\VERSION.dll
0x00007ffbcbc10000 - 0x00007ffbcbc41000 	C:\WINDOWS\System32\IMM32.DLL
0x00007ffbb8c70000 - 0x00007ffbb8c7c000 	C:\Program Files\Java\jdk-21\bin\vcruntime140_1.dll
0x00007ffb89f40000 - 0x00007ffb89fce000 	C:\Program Files\Java\jdk-21\bin\msvcp140.dll
0x00007ffb47ce0000 - 0x00007ffb489f3000 	C:\Program Files\Java\jdk-21\bin\server\jvm.dll
0x00007ffbcb770000 - 0x00007ffbcb7e1000 	C:\WINDOWS\System32\WS2_32.dll
0x00007ffbc1dd0000 - 0x00007ffbc1e04000 	C:\WINDOWS\SYSTEM32\WINMM.dll
0x00007ffbc9310000 - 0x00007ffbc935d000 	C:\WINDOWS\SYSTEM32\POWRPROF.dll
0x00007ffbc92f0000 - 0x00007ffbc9303000 	C:\WINDOWS\SYSTEM32\UMPDC.dll
0x00007ffbc83e0000 - 0x00007ffbc83f8000 	C:\WINDOWS\SYSTEM32\kernel.appcore.dll
0x00007ffbb8c60000 - 0x00007ffbb8c6a000 	C:\Program Files\Java\jdk-21\bin\jimage.dll
0x00007ffbc6ef0000 - 0x00007ffbc7123000 	C:\WINDOWS\SYSTEM32\DBGHELP.DLL
0x00007ffbcbce0000 - 0x00007ffbcc069000 	C:\WINDOWS\System32\combase.dll
0x00007ffbcb7f0000 - 0x00007ffbcb8c7000 	C:\WINDOWS\System32\OLEAUT32.dll
0x00007ffbb9650000 - 0x00007ffbb9682000 	C:\WINDOWS\SYSTEM32\dbgcore.DLL
0x00007ffbc9510000 - 0x00007ffbc958a000 	C:\WINDOWS\System32\bcryptPrimitives.dll
0x00007ffbb8c40000 - 0x00007ffbb8c5f000 	C:\Program Files\Java\jdk-21\bin\java.dll
0x00007ffbca190000 - 0x00007ffbca9e9000 	C:\WINDOWS\System32\SHELL32.dll
0x00007ffbc7360000 - 0x00007ffbc7c54000 	C:\WINDOWS\SYSTEM32\windows.storage.dll
0x00007ffbc7220000 - 0x00007ffbc735e000 	C:\WINDOWS\SYSTEM32\wintypes.dll
0x00007ffbcabb0000 - 0x00007ffbcaca3000 	C:\WINDOWS\System32\SHCORE.dll
0x00007ffbcb650000 - 0x00007ffbcb6ae000 	C:\WINDOWS\System32\shlwapi.dll
0x00007ffbc9370000 - 0x00007ffbc9396000 	C:\WINDOWS\SYSTEM32\profapi.dll
0x00007ffb89e60000 - 0x00007ffb89f37000 	C:\Program Files\Java\jdk-21\bin\jsvml.dll
0x00007ffbb8c30000 - 0x00007ffbb8c40000 	C:\Program Files\Java\jdk-21\bin\net.dll
0x00007ffbc0ca0000 - 0x00007ffbc0dd7000 	C:\WINDOWS\SYSTEM32\WINHTTP.dll
0x00007ffbc88c0000 - 0x00007ffbc8929000 	C:\WINDOWS\system32\mswsock.dll
0x00007ffbb8c10000 - 0x00007ffbb8c26000 	C:\Program Files\Java\jdk-21\bin\nio.dll
0x00007ffb971e0000 - 0x00007ffb971f8000 	C:\Program Files\Java\jdk-21\bin\zip.dll
0x00007ffbc35f0000 - 0x00007ffbc35fe000 	C:\Program Files\Java\jdk-21\bin\sunmscapi.dll
0x00007ffbc9b20000 - 0x00007ffbc9c86000 	C:\WINDOWS\System32\CRYPT32.dll
0x00007ffbc8cd0000 - 0x00007ffbc8cfd000 	C:\WINDOWS\SYSTEM32\ncrypt.dll
0x00007ffbc8c90000 - 0x00007ffbc8cc7000 	C:\WINDOWS\SYSTEM32\NTASN1.dll

dbghelp: loaded successfully - version: 4.0.5 - missing functions: none
symbol engine: initialized successfully - sym options: 0x614 - pdb path: .;C:\Program Files\Java\jdk-21\bin;C:\WINDOWS\SYSTEM32;C:\WINDOWS\WinSxS\amd64_microsoft.windows.common-controls_6595b64144ccf1df_6.0.22621.2506_none_270c5ae97388e100;C:\Program Files\Java\jdk-21\bin\server

VM Arguments:
jvm_args: -Dfile.encoding=UTF-8 -Dstdout.encoding=UTF-8 -Dstderr.encoding=UTF-8 -XX:+ShowCodeDetailsInExceptionMessages 
java_command: Corso.Games.GamesApplication
java_class_path (initial): C:\Users\beade\OneDrive\Desktop\Corso Java\Maven\Games\target\classes;C:\Users\beade\.m2\repository\org\springframework\boot\spring-boot-starter-thymeleaf\3.2.0\spring-boot-starter-thymeleaf-3.2.0.jar;C:\Users\beade\.m2\repository\org\springframework\boot\spring-boot-starter\3.2.0\spring-boot-starter-3.2.0.jar;C:\Users\beade\.m2\repository\org\springframework\boot\spring-boot\3.2.0\spring-boot-3.2.0.jar;C:\Users\beade\.m2\repository\org\springframework\boot\spring-boot-autoconfigure\3.2.0\spring-boot-autoconfigure-3.2.0.jar;C:\Users\beade\.m2\repository\org\springframework\boot\spring-boot-starter-logging\3.2.0\spring-boot-starter-logging-3.2.0.jar;C:\Users\beade\.m2\repository\ch\qos\logback\logback-classic\1.4.11\logback-classic-1.4.11.jar;C:\Users\beade\.m2\repository\ch\qos\logback\logback-core\1.4.11\logback-core-1.4.11.jar;C:\Users\beade\.m2\repository\org\apache\logging\log4j\log4j-to-slf4j\2.21.1\log4j-to-slf4j-2.21.1.jar;C:\Users\beade\.m2\repository\org\apache\logging\log4j\log4j-api\2.21.1\log4j-api-2.21.1.jar;C:\Users\beade\.m2\repository\org\slf4j\jul-to-slf4j\2.0.9\jul-to-slf4j-2.0.9.jar;C:\Users\beade\.m2\repository\org\yaml\snakeyaml\2.2\snakeyaml-2.2.jar;C:\Users\beade\.m2\repository\org\thymeleaf\thymeleaf-spring6\3.1.2.RELEASE\thymeleaf-spring6-3.1.2.RELEASE.jar;C:\Users\beade\.m2\repository\org\thymeleaf\thymeleaf\3.1.2.RELEASE\thymeleaf-3.1.2.RELEASE.jar;C:\Users\beade\.m2\repository\org\attoparser\attoparser\2.0.7.RELEASE\attoparser-2.0.7.RELEASE.jar;C:\Users\beade\.m2\repository\org\unbescape\unbescape\1.1.6.RELEASE\unbescape-1.1.6.RELEASE.jar;C:\Users\beade\.m2\repository\org\slf4j\slf4j-api\2.0.9\slf4j-api-2.0.9.jar;C:\Users\beade\.m2\repository\org\springframework\boot\spring-boot-starter-web\3.2.0\spring-boot-starter-web-3.2.0.jar;C:\Users\beade\.m2\repository\org\springframework\boot\spring-boot-starter-json\3.2.0\spring-boot-starter-json-3.2.0.jar;C:\Users\beade\.m2\repository\com\fasterxml\jackson\core\jackson-databind\2.15.3\jackson-databind-2.15.3.jar;C:\Users\beade\.m2\repository\com\fasterxml\jackson\core\jackson-annotations\2.15.3\jackson-annotations-2.15.3.jar;C:\Users\beade\.m2\repository\com\fasterxml\jackson\core\jackson-core\2.15.3\jackson-core-2.15.3.jar;C:\Users\beade\.m2\repository\com\fasterxml\jackson\datatype\jackson-datatype-jdk8\2.15.3\jackson-datatype-jdk8-2.15.3.jar;C:\Users\beade\.m2\repository\com\fasterxml\jackson\datatype\jackson-datatype-jsr310\2.15.3\jackson-datatype-jsr310-2.15.3.jar;C:\Users\beade\.m2\repository\com\fasterxml\jackson\module\jackson-module-parameter-names\2.15.3\jackson-module-parameter-names-2.15.3.jar;C:\Users\beade\.m2\repository\org\springframework\spring-web\6.1.1\spring-web-6.1.1.jar;C:\Users\beade\.m2\repository\org\springframework\spring-beans\6.1.1\spring-beans-6.1.1.jar;C:\Users\beade\.m2\repository\io\micrometer\micrometer-observation\1.12.0\micrometer-observation-1.12.0.jar;C:\Users\beade\.m2\repository\io\micrometer\micrometer-commons\1.12.0\micrometer-commons-1.12.0.jar;C:\Users\beade\.m2\repository\org\springframework\spring-webmvc\6.1.1\spring-webmvc-6.1.1.jar;C:\Users\beade\.m2\repository\org\springframework\spring-aop\6.1.1\spring-aop-6.1.1.jar;C:\Users\beade\.m2\repository\org\springframework\spring-context\6.1.1\spring-context-6.1.1.jar;C:\Users\beade\.m2\repository\org\springframework\spring-expression\6.1.1\spring-expression-6.1.1.jar;C:\Users\beade\.m2\repository\com\mysql\mysql-connector-j\8.1.0\mysql-connector-j-8.1.0.jar;C:\Users\beade\.m2\repository\org\springframework\boot\spring-boot-starter-tomcat\3.2.0\spring-boot-starter-tomcat-3.2.0.jar;C:\Users\beade\.m2\repository\jakarta\annotation\jakarta.annotation-api\2.1.1\jakarta.annotation-api-2.1.1.jar;C:\Users\beade\.m2\repository\org\apache\tomcat\embed\tomcat-embed-core\10.1.16\tomcat-embed-core-10.1.16.jar;C:\Users\beade\.m2\repository\org\apache\tomcat\embed\tomcat-embed-el\10.1.16\tomcat-embed-el-10.1.16.jar;C:\Users\beade\.m2\repository\org\apache\tomcat\embed\tomcat-embed-websocket\10.1.16\tomcat-embed-websocket-10.1.16.jar;C:\Users\beade\.m2\repository\org\springframework\spring-core\6.1.1\spring-core-6.1.1.jar;C:\Users\beade\.m2\repository\org\springframework\spring-jcl\6.1.1\spring-jcl-6.1.1.jar
Launcher Type: SUN_STANDARD

[Global flags]
     intx CICompilerCount                          = 3                                         {product} {ergonomic}
     uint ConcGCThreads                            = 1                                         {product} {ergonomic}
     uint G1ConcRefinementThreads                  = 4                                         {product} {ergonomic}
   size_t G1HeapRegionSize                         = 1048576                                   {product} {ergonomic}
    uintx GCDrainStackTargetSize                   = 64                                        {product} {ergonomic}
   size_t InitialHeapSize                          = 65011712                                  {product} {ergonomic}
   size_t MarkStackSize                            = 4194304                                   {product} {ergonomic}
   size_t MaxHeapSize                              = 1027604480                                {product} {ergonomic}
   size_t MaxNewSize                               = 616562688                                 {product} {ergonomic}
   size_t MinHeapDeltaBytes                        = 1048576                                   {product} {ergonomic}
   size_t MinHeapSize                              = 8388608                                   {product} {ergonomic}
    uintx NonNMethodCodeHeapSize                   = 5832780                                {pd product} {ergonomic}
    uintx NonProfiledCodeHeapSize                  = 122912730                              {pd product} {ergonomic}
    uintx ProfiledCodeHeapSize                     = 122912730                              {pd product} {ergonomic}
    uintx ReservedCodeCacheSize                    = 251658240                              {pd product} {ergonomic}
     bool SegmentedCodeCache                       = true                                      {product} {ergonomic}
     bool ShowCodeDetailsInExceptionMessages       = true                                   {manageable} {command line}
   size_t SoftMaxHeapSize                          = 1027604480                             {manageable} {ergonomic}
     bool UseCompressedOops                        = true                           {product lp64_product} {ergonomic}
     bool UseG1GC                                  = true                                      {product} {ergonomic}
     bool UseLargePagesIndividualAllocation        = false                                  {pd product} {ergonomic}

Logging:
Log output configuration:
 #0: stdout all=warning uptime,level,tags foldmultilines=false
 #1: stderr all=off uptime,level,tags foldmultilines=false

Environment Variables:
PATH=C:\Program Files\Common Files\Oracle\Java\javapath;C:\Program Files (x86)\Intel\TXE Components\iCLS\;C:\Program Files\Intel\TXE Components\iCLS\;C:\WINDOWS\system32;C:\WINDOWS;C:\WINDOWS\System32\Wbem;C:\WINDOWS\System32\WindowsPowerShell\v1.0\;C:\WINDOWS\System32\OpenSSH\;C:\Program Files\Intel\TXE Components\DAL\;C:\Program Files (x86)\Intel\TXE Components\DAL\;C:\Program Files\Intel\TXE Components\IPT\;C:\Program Files (x86)\Intel\TXE Components\IPT\;C:\Users\beade\AppData\Local\Microsoft\WindowsApps;;C:\Users\beade\AppData\Local\Programs\Microsoft VS Code\bin
USERNAME=beade
OS=Windows_NT
PROCESSOR_IDENTIFIER=Intel64 Family 6 Model 122 Stepping 1, GenuineIntel
TMP=C:\Users\beade\AppData\Local\Temp
TEMP=C:\Users\beade\AppData\Local\Temp




---------------  S Y S T E M  ---------------

OS:
 Windows 11 , 64 bit Build 22621 (10.0.22621.2506)
OS uptime: 2 days 3:40 hours

CPU: total 4 (initial active 4) (4 cores per cpu, 1 threads per core) family 6 model 122 stepping 1 microcode 0x34, cx8, cmov, fxsr, mmx, 3dnowpref, sse, sse2, sse3, ssse3, sse4.1, sse4.2, popcnt, tsc, tscinvbit, aes, erms, clmul, sha, clflush, clflushopt, rdtscp, rdpid
Processor Information for all 4 processors :
  Max Mhz: 1101, Current Mhz: 1101, Mhz Limit: 1101

Memory: 4k page, system-wide physical 3919M (255M free)
TotalPageFile size 15695M (AvailPageFile size 4M)
current process WorkingSet (physical memory assigned to process): 128M, peak: 128M
current process commit charge ("private bytes"): 176M, peak: 176M

vm_info: Java HotSpot(TM) 64-Bit Server VM (21+35-LTS-2513) for windows-amd64 JRE (21+35-LTS-2513), built on 2023-08-09T20:25:10Z by "mach5one" with MS VC++ 17.1 (VS2022)

END.
